#
# A fatal error has been detected by the Java Runtime Environment:
#
#  EXCEPTION_ACCESS_VIOLATION (0xc0000005) at pc=0x0000000050bb54d0, pid=10156, tid=0x0000000000002e54
#
# JRE version: Java(TM) SE Runtime Environment (8.0_131-b11) (build 1.8.0_131-b11)
# Java VM: Java HotSpot(TM) 64-Bit Server VM (25.131-b11 mixed mode windows-amd64 compressed oops)
# Problematic frame:
# V  [jvm.dll+0x4f54d0]
#
# Failed to write core dump. Minidumps are not enabled by default on client versions of Windows
#
# If you would like to submit a bug report, please visit:
#   http://bugreport.java.com/bugreport/crash.jsp
#

---------------  T H R E A D  ---------------

Current thread (0x0000000019f35000):  JavaThread "C2 CompilerThread0" daemon [_thread_in_native, id=11860, stack(0x000000001a4d0000,0x000000001a5d0000)]

siginfo: ExceptionCode=0xc0000005, reading address 0x000000000000002c

Registers:
RAX=0x000000001fd264b0, RBX=0x0000000020610720, RCX=0x0000000000000000, RDX=0x0000000000003530
RSP=0x000000001a5cbef8, RBP=0x000000001a5cc000, RSI=0x0000000000000002, RDI=0x0000000020610110
R8 =0x0000000000000000, R9 =0x0000000000000001, R10=0x00000000204861c8, R11=0x000000001e025b70
R12=0x0000000000000010, R13=0x000000001e02b910, R14=0x000000000000088f, R15=0x0000000000000000
RIP=0x0000000050bb54d0, EFLAGS=0x0000000000010202

Top of Stack: (sp=0x000000001a5cbef8)
0x000000001a5cbef8:   0000000050bd65db 000000001a5cc5f0
0x000000001a5cbf08:   0000000000000012 000000001a5cc000
0x000000001a5cbf18:   00000000000031de 0000000000000001
0x000000001a5cbf28:   0000000000004aa8 000000001fa41f00
0x000000001a5cbf38:   000000001a5cc100 000000001a5cc0e0
0x000000001a5cbf48:   0000000000000000 0000000000000027
0x000000001a5cbf58:   000000001f41e3d0 0000000000000006
0x000000001a5cbf68:   0000000000000006 0000000000000000
0x000000001a5cbf78:   000000060000001d 00003ca500000000
0x000000001a5cbf88:   000000001a5cc2d0 000000000000000f
0x000000001a5cbf98:   000000001edf8a00 0000000000000000
0x000000001a5cbfa8:   00003ca50000001d 000000001a5cc2d0
0x000000001a5cbfb8:   000000000000000f 000000001ad76f50
0x000000001a5cbfc8:   0000000000003ca3 0000000023327050
0x000000001a5cbfd8:   000000001af41ef0 0000000000000004
0x000000001a5cbfe8:   00000000000003d8 000000001af422c8 

Instructions: (pc=0x0000000050bb54d0)
0x0000000050bb54b0:   01 ff 10 c1 eb 02 03 c3 48 8b 5c 24 30 03 47 18
0x0000000050bb54c0:   48 83 c4 20 5f c3 cc cc cc cc cc cc cc cc cc cc
0x0000000050bb54d0:   0f b6 41 2c 24 03 3c 02 75 05 e9 11 3a fe ff 0f
0x0000000050bb54e0:   b7 41 2e d1 e8 83 e0 01 c3 cc cc cc cc cc cc cc 


Register to memory mapping:

RAX=0x000000001fd264b0 is an unknown value
RBX=0x0000000020610720 is an unknown value
RCX=0x0000000000000000 is an unknown value
RDX=0x0000000000003530 is an unknown value
RSP=0x000000001a5cbef8 is pointing into the stack for thread: 0x0000000019f35000
RBP=0x000000001a5cc000 is pointing into the stack for thread: 0x0000000019f35000
RSI=0x0000000000000002 is an unknown value
RDI=0x0000000020610110 is an unknown value
R8 =0x0000000000000000 is an unknown value
R9 =0x0000000000000001 is an unknown value
R10=0x00000000204861c8 is an unknown value
R11=0x000000001e025b70 is an unknown value
R12=0x0000000000000010 is an unknown value
R13=0x000000001e02b910 is an unknown value
R14=0x000000000000088f is an unknown value
R15=0x0000000000000000 is an unknown value


Stack: [0x000000001a4d0000,0x000000001a5d0000],  sp=0x000000001a5cbef8,  free space=1007k
Native frames: (J=compiled Java code, j=interpreted, Vv=VM code, C=native code)
V  [jvm.dll+0x4f54d0]


Current CompileTask:
C2:7497143 8227       4       org.springframework.boot.context.properties.source.SpringConfigurationPropertySource$DelegatingPropertyMapper::map (27 bytes)


---------------  P R O C E S S  ---------------

Java Threads: ( => current thread )
  0x000000001f881000 JavaThread "File Watcher" daemon [_thread_blocked, id=18516, stack(0x000000002a8c0000,0x000000002a9c0000)]
  0x000000001f887000 JavaThread "File Watcher" daemon [_thread_blocked, id=19916, stack(0x000000002a1c0000,0x000000002a2c0000)]
  0x000000001f882800 JavaThread "File Watcher" daemon [_thread_blocked, id=9940, stack(0x0000000029ac0000,0x0000000029bc0000)]
  0x000000001f886800 JavaThread "File Watcher" daemon [_thread_blocked, id=18556, stack(0x0000000026550000,0x0000000026650000)]
  0x000000001f87f800 JavaThread "File Watcher" daemon [_thread_blocked, id=20476, stack(0x0000000025e50000,0x0000000025f50000)]
  0x000000001f882000 JavaThread "File Watcher" daemon [_thread_blocked, id=8740, stack(0x0000000025450000,0x0000000025550000)]
  0x000000001f88b800 JavaThread "Thread-5" [_thread_blocked, id=9876, stack(0x0000000024b50000,0x0000000024c50000)]
  0x000000001f884000 JavaThread "DestroyJavaVM" [_thread_blocked, id=1888, stack(0x00000000029d0000,0x0000000002ad0000)]
  0x000000001baa0000 JavaThread "Live Reload Server" daemon [_thread_in_native, id=1260, stack(0x00000000230e0000,0x00000000231e0000)]
  0x0000000019fdc000 JavaThread "Service Thread" daemon [_thread_blocked, id=1340, stack(0x000000001a8d0000,0x000000001a9d0000)]
  0x0000000019f50800 JavaThread "C1 CompilerThread3" daemon [_thread_blocked, id=11352, stack(0x000000001a7d0000,0x000000001a8d0000)]
  0x0000000019f3d800 JavaThread "C2 CompilerThread2" daemon [_thread_blocked, id=5700, stack(0x000000001a6d0000,0x000000001a7d0000)]
  0x0000000019f38000 JavaThread "C2 CompilerThread1" daemon [_thread_blocked, id=18644, stack(0x000000001a5d0000,0x000000001a6d0000)]
=>0x0000000019f35000 JavaThread "C2 CompilerThread0" daemon [_thread_in_native, id=11860, stack(0x000000001a4d0000,0x000000001a5d0000)]
  0x0000000019f31800 JavaThread "Monitor Ctrl-Break" daemon [_thread_in_native, id=344, stack(0x000000001a3d0000,0x000000001a4d0000)]
  0x0000000019c0c000 JavaThread "Attach Listener" daemon [_thread_blocked, id=16960, stack(0x000000001a2d0000,0x000000001a3d0000)]
  0x0000000019c0b000 JavaThread "Signal Dispatcher" daemon [_thread_blocked, id=20116, stack(0x000000001a1d0000,0x000000001a2d0000)]
  0x0000000002cce000 JavaThread "Finalizer" daemon [_thread_blocked, id=5184, stack(0x0000000019fe0000,0x000000001a0e0000)]
  0x0000000002ccc800 JavaThread "Reference Handler" daemon [_thread_blocked, id=15256, stack(0x0000000019ae0000,0x0000000019be0000)]

Other Threads:
  0x0000000017d0a000 VMThread [stack: 0x00000000199e0000,0x0000000019ae0000] [id=2100]
  0x000000001aab3000 WatcherThread [stack: 0x000000001b1d0000,0x000000001b2d0000] [id=7580]

VM state:not at safepoint (normal execution)

VM Mutex/Monitor currently owned by a thread: None

Heap:
 PSYoungGen      total 230400K, used 182223K [0x00000000d5700000, 0x00000000e5480000, 0x0000000100000000)
  eden space 212480K, 77% used [0x00000000d5700000,0x00000000df779d00,0x00000000e2680000)
  from space 17920K, 99% used [0x00000000e4300000,0x00000000e547a0b8,0x00000000e5480000)
  to   space 22528K, 0% used [0x00000000e2880000,0x00000000e2880000,0x00000000e3e80000)
 ParOldGen       total 90624K, used 23762K [0x0000000080400000, 0x0000000085c80000, 0x00000000d5700000)
  object space 90624K, 26% used [0x0000000080400000,0x0000000081b34a80,0x0000000085c80000)
 Metaspace       used 53961K, capacity 57536K, committed 57816K, reserved 1099776K
  class space    used 7025K, capacity 7615K, committed 7680K, reserved 1048576K

Card table byte_map: [0x0000000012090000,0x0000000012490000] byte_map_base: 0x0000000011c8e000

Marking Bits: (ParMarkBitMap*) 0x0000000050edc720
 Begin Bits: [0x0000000012f40000, 0x0000000014f30000)
 End Bits:   [0x0000000014f30000, 0x0000000016f20000)

Polling page: 0x00000000028b0000

CodeCache: size=245760Kb used=25127Kb max_used=25157Kb free=220632Kb
 bounds [0x0000000002cd0000, 0x0000000004590000, 0x0000000011cd0000]
 total_blobs=7427 nmethods=6896 adapters=443
 compilation: enabled

Compilation events (10 events):
Event: 7494.267 Thread 0x0000000019f50800 nmethod 8307 0x0000000004561290 code [0x0000000004561480, 0x0000000004562068]
Event: 7494.272 Thread 0x0000000019f50800 8308       3       org.springframework.beans.factory.support.DefaultListableBeanFactory::clearByTypeCache (19 bytes)
Event: 7494.272 Thread 0x0000000019f50800 nmethod 8308 0x0000000004560d10 code [0x0000000004560e80, 0x0000000004561178]
Event: 7494.277 Thread 0x0000000019f50800 8309  s    3       org.apache.catalina.util.LifecycleBase::setState (8 bytes)
Event: 7494.277 Thread 0x0000000019f50800 nmethod 8309 0x00000000045651d0 code [0x0000000004565340, 0x0000000004565648]
Event: 7494.282 Thread 0x0000000019f50800 8310   !   3       org.springframework.context.event.AbstractApplicationEventMulticaster::addApplicationListener (69 bytes)
Event: 7494.283 Thread 0x0000000019f50800 nmethod 8310 0x0000000004575bd0 code [0x0000000004575dc0, 0x0000000004576a38]
Event: 7494.285 Thread 0x0000000019f3d800 nmethod 8253 0x0000000004576f50 code [0x0000000004577480, 0x000000000457d118]
Event: 7494.298 Thread 0x0000000019f50800 8311       3       ch.qos.logback.classic.Level::toInteger (147 bytes)
Event: 7494.299 Thread 0x0000000019f50800 nmethod 8311 0x0000000004574890 code [0x0000000004574ac0, 0x0000000004575708]

GC Heap History (10 events):
Event: 5764.030 GC heap before
{Heap before GC invocations=13 (full 2):
 PSYoungGen      total 208384K, used 208370K [0x00000000d5700000, 0x00000000e3800000, 0x0000000100000000)
  eden space 193024K, 100% used [0x00000000d5700000,0x00000000e1380000,0x00000000e1380000)
  from space 15360K, 99% used [0x00000000e2900000,0x00000000e37fcbe8,0x00000000e3800000)
  to   space 17920K, 0% used [0x00000000e1500000,0x00000000e1500000,0x00000000e2680000)
 ParOldGen       total 90624K, used 19855K [0x0000000080400000, 0x0000000085c80000, 0x00000000d5700000)
  object space 90624K, 21% used [0x0000000080400000,0x0000000081763f80,0x0000000085c80000)
 Metaspace       used 52756K, capacity 55780K, committed 55896K, reserved 1097728K
  class space    used 6949K, capacity 7470K, committed 7552K, reserved 1048576K
Event: 5764.578 GC heap after
Heap after GC invocations=13 (full 2):
 PSYoungGen      total 212480K, used 704K [0x00000000d5700000, 0x00000000e5b80000, 0x0000000100000000)
  eden space 194560K, 0% used [0x00000000d5700000,0x00000000d5700000,0x00000000e1500000)
  from space 17920K, 3% used [0x00000000e1500000,0x00000000e15b0000,0x00000000e2680000)
  to   space 18432K, 0% used [0x00000000e4980000,0x00000000e4980000,0x00000000e5b80000)
 ParOldGen       total 90624K, used 31464K [0x0000000080400000, 0x0000000085c80000, 0x00000000d5700000)
  object space 90624K, 34% used [0x0000000080400000,0x00000000822ba370,0x0000000085c80000)
 Metaspace       used 52756K, capacity 55780K, committed 55896K, reserved 1097728K
  class space    used 6949K, capacity 7470K, committed 7552K, reserved 1048576K
}
Event: 6602.571 GC heap before
{Heap before GC invocations=14 (full 2):
 PSYoungGen      total 212480K, used 43362K [0x00000000d5700000, 0x00000000e5b80000, 0x0000000100000000)
  eden space 194560K, 21% used [0x00000000d5700000,0x00000000d80a8b38,0x00000000e1500000)
  from space 17920K, 3% used [0x00000000e1500000,0x00000000e15b0000,0x00000000e2680000)
  to   space 18432K, 0% used [0x00000000e4980000,0x00000000e4980000,0x00000000e5b80000)
 ParOldGen       total 90624K, used 31464K [0x0000000080400000, 0x0000000085c80000, 0x00000000d5700000)
  object space 90624K, 34% used [0x0000000080400000,0x00000000822ba370,0x0000000085c80000)
 Metaspace       used 52831K, capacity 56002K, committed 56152K, reserved 1097728K
  class space    used 6960K, capacity 7540K, committed 7552K, reserved 1048576K
Event: 6602.576 GC heap after
Heap after GC invocations=14 (full 2):
 PSYoungGen      total 247808K, used 544K [0x00000000d5700000, 0x00000000e5c80000, 0x0000000100000000)
  eden space 229376K, 0% used [0x00000000d5700000,0x00000000d5700000,0x00000000e3700000)
  from space 18432K, 2% used [0x00000000e4980000,0x00000000e4a08000,0x00000000e5b80000)
  to   space 18944K, 0% used [0x00000000e3700000,0x00000000e3700000,0x00000000e4980000)
 ParOldGen       total 90624K, used 31472K [0x0000000080400000, 0x0000000085c80000, 0x00000000d5700000)
  object space 90624K, 34% used [0x0000000080400000,0x00000000822bc370,0x0000000085c80000)
 Metaspace       used 52831K, capacity 56002K, committed 56152K, reserved 1097728K
  class space    used 6960K, capacity 7540K, committed 7552K, reserved 1048576K
}
Event: 6602.576 GC heap before
{Heap before GC invocations=15 (full 3):
 PSYoungGen      total 247808K, used 544K [0x00000000d5700000, 0x00000000e5c80000, 0x0000000100000000)
  eden space 229376K, 0% used [0x00000000d5700000,0x00000000d5700000,0x00000000e3700000)
  from space 18432K, 2% used [0x00000000e4980000,0x00000000e4a08000,0x00000000e5b80000)
  to   space 18944K, 0% used [0x00000000e3700000,0x00000000e3700000,0x00000000e4980000)
 ParOldGen       total 90624K, used 31472K [0x0000000080400000, 0x0000000085c80000, 0x00000000d5700000)
  object space 90624K, 34% used [0x0000000080400000,0x00000000822bc370,0x0000000085c80000)
 Metaspace       used 52831K, capacity 56002K, committed 56152K, reserved 1097728K
  class space    used 6960K, capacity 7540K, committed 7552K, reserved 1048576K
Event: 6603.508 GC heap after
Heap after GC invocations=15 (full 3):
 PSYoungGen      total 247808K, used 0K [0x00000000d5700000, 0x00000000e5c80000, 0x0000000100000000)
  eden space 229376K, 0% used [0x00000000d5700000,0x00000000d5700000,0x00000000e3700000)
  from space 18432K, 0% used [0x00000000e4980000,0x00000000e4980000,0x00000000e5b80000)
  to   space 18944K, 0% used [0x00000000e3700000,0x00000000e3700000,0x00000000e4980000)
 ParOldGen       total 90624K, used 21574K [0x0000000080400000, 0x0000000085c80000, 0x00000000d5700000)
  object space 90624K, 23% used [0x0000000080400000,0x0000000081911bd0,0x0000000085c80000)
 Metaspace       used 52552K, capacity 55564K, committed 56152K, reserved 1097728K
  class space    used 6917K, capacity 7461K, committed 7552K, reserved 1048576K
}
Event: 7357.927 GC heap before
{Heap before GC invocations=16 (full 3):
 PSYoungGen      total 247808K, used 229376K [0x00000000d5700000, 0x00000000e5c80000, 0x0000000100000000)
  eden space 229376K, 100% used [0x00000000d5700000,0x00000000e3700000,0x00000000e3700000)
  from space 18432K, 0% used [0x00000000e4980000,0x00000000e4980000,0x00000000e5b80000)
  to   space 18944K, 0% used [0x00000000e3700000,0x00000000e3700000,0x00000000e4980000)
 ParOldGen       total 90624K, used 21574K [0x0000000080400000, 0x0000000085c80000, 0x00000000d5700000)
  object space 90624K, 23% used [0x0000000080400000,0x0000000081911bd0,0x0000000085c80000)
 Metaspace       used 53351K, capacity 56638K, committed 57048K, reserved 1099776K
  class space    used 6973K, capacity 7537K, committed 7680K, reserved 1048576K
Event: 7357.963 GC heap after
Heap after GC invocations=16 (full 3):
 PSYoungGen      total 232960K, used 12239K [0x00000000d5700000, 0x00000000e5480000, 0x0000000100000000)
  eden space 220672K, 0% used [0x00000000d5700000,0x00000000d5700000,0x00000000e2e80000)
  from space 12288K, 99% used [0x00000000e3700000,0x00000000e42f3e60,0x00000000e4300000)
  to   space 17920K, 0% used [0x00000000e4300000,0x00000000e4300000,0x00000000e5480000)
 ParOldGen       total 90624K, used 21582K [0x0000000080400000, 0x0000000085c80000, 0x00000000d5700000)
  object space 90624K, 23% used [0x0000000080400000,0x0000000081913bd0,0x0000000085c80000)
 Metaspace       used 53351K, capacity 56638K, committed 57048K, reserved 1099776K
  class space    used 6973K, capacity 7537K, committed 7680K, reserved 1048576K
}
Event: 7452.547 GC heap before
{Heap before GC invocations=17 (full 3):
 PSYoungGen      total 232960K, used 232911K [0x00000000d5700000, 0x00000000e5480000, 0x0000000100000000)
  eden space 220672K, 100% used [0x00000000d5700000,0x00000000e2e80000,0x00000000e2e80000)
  from space 12288K, 99% used [0x00000000e3700000,0x00000000e42f3e60,0x00000000e4300000)
  to   space 17920K, 0% used [0x00000000e4300000,0x00000000e4300000,0x00000000e5480000)
 ParOldGen       total 90624K, used 21582K [0x0000000080400000, 0x0000000085c80000, 0x00000000d5700000)
  object space 90624K, 23% used [0x0000000080400000,0x0000000081913bd0,0x0000000085c80000)
 Metaspace       used 53679K, capacity 57084K, committed 57304K, reserved 1099776K
  class space    used 6994K, capacity 7564K, committed 7680K, reserved 1048576K
Event: 7452.578 GC heap after
Heap after GC invocations=17 (full 3):
 PSYoungGen      total 230400K, used 17896K [0x00000000d5700000, 0x00000000e5480000, 0x0000000100000000)
  eden space 212480K, 0% used [0x00000000d5700000,0x00000000d5700000,0x00000000e2680000)
  from space 17920K, 99% used [0x00000000e4300000,0x00000000e547a0b8,0x00000000e5480000)
  to   space 22528K, 0% used [0x00000000e2880000,0x00000000e2880000,0x00000000e3e80000)
 ParOldGen       total 90624K, used 23762K [0x0000000080400000, 0x0000000085c80000, 0x00000000d5700000)
  object space 90624K, 26% used [0x0000000080400000,0x0000000081b34a80,0x0000000085c80000)
 Metaspace       used 53679K, capacity 57084K, committed 57304K, reserved 1099776K
  class space    used 6994K, capacity 7564K, committed 7680K, reserved 1048576K
}

Deoptimization events (10 events):
Event: 7448.139 Thread 0x000000001f880800 Uncommon trap: reason=bimorphic action=maybe_recompile pc=0x0000000002fe8e58 method=java.util.TreeMap.getEntryUsingComparator(Ljava/lang/Object;)Ljava/util/TreeMap$Entry; @ 29
Event: 7448.188 Thread 0x000000001f880800 Uncommon trap: reason=class_check action=maybe_recompile pc=0x0000000003c1430c method=org.springframework.asm.ClassReader.readCode(Lorg/springframework/asm/MethodVisitor;Lorg/springframework/asm/Context;I)V @ 3871
Event: 7449.869 Thread 0x000000001f87f800 Uncommon trap: reason=class_check action=maybe_recompile pc=0x0000000002df5cac method=java.util.HashMap.removeNode(ILjava/lang/Object;Ljava/lang/Object;ZZ)Ljava/util/HashMap$Node; @ 143
Event: 7450.526 Thread 0x000000001f886800 Uncommon trap: reason=class_check action=maybe_recompile pc=0x0000000002df5cac method=java.util.HashMap.removeNode(ILjava/lang/Object;Ljava/lang/Object;ZZ)Ljava/util/HashMap$Node; @ 143
Event: 7450.652 Thread 0x000000001f882000 Uncommon trap: reason=class_check action=maybe_recompile pc=0x0000000002df5cac method=java.util.HashMap.removeNode(ILjava/lang/Object;Ljava/lang/Object;ZZ)Ljava/util/HashMap$Node; @ 143
Event: 7452.716 Thread 0x000000001f887000 Uncommon trap: reason=array_check action=maybe_recompile pc=0x000000000443b85c method=org.springframework.util.ObjectUtils.addObjectToArray([Ljava/lang/Object;Ljava/lang/Object;)[Ljava/lang/Object; @ 75
Event: 7452.716 Thread 0x000000001f887000 Uncommon trap: reason=array_check action=maybe_recompile pc=0x000000000443b85c method=org.springframework.util.ObjectUtils.addObjectToArray([Ljava/lang/Object;Ljava/lang/Object;)[Ljava/lang/Object; @ 75
Event: 7452.722 Thread 0x000000001f887000 Uncommon trap: reason=array_check action=maybe_recompile pc=0x000000000443b85c method=org.springframework.util.ObjectUtils.addObjectToArray([Ljava/lang/Object;Ljava/lang/Object;)[Ljava/lang/Object; @ 75
Event: 7452.731 Thread 0x000000001f887000 Uncommon trap: reason=array_check action=maybe_recompile pc=0x000000000443b85c method=org.springframework.util.ObjectUtils.addObjectToArray([Ljava/lang/Object;Ljava/lang/Object;)[Ljava/lang/Object; @ 75
Event: 7493.963 Thread 0x000000001f885800 Uncommon trap: reason=null_check action=make_not_entrant pc=0x000000000379b98c method=org.springframework.beans.factory.support.DefaultListableBeanFactory.getBeanDefinition(Ljava/lang/String;)Lorg/springframework/beans/factory/config/BeanDefinition; @ 10

Internal exceptions (10 events):
Event: 7453.927 Thread 0x000000001f888000 Exception <a 'java/lang/InterruptedException': sleep interrupted> (0x00000000d968da48) thrown at [C:\re\workspace\8-2-build-windows-amd64-cygwin\jdk8u131\8869\hotspot\src\share\vm\prims\jvm.cpp, line 3228]
Event: 7453.946 Thread 0x000000001f887000 Exception <a 'java/lang/reflect/InvocationTargetException'> (0x00000000d9727ee0) thrown at [C:\re\workspace\8-2-build-windows-amd64-cygwin\jdk8u131\8869\hotspot\src\share\vm\runtime\reflection.cpp, line 1092]
Event: 7492.010 Thread 0x000000001f885800 Exception <a 'java/io/FileNotFoundException'> (0x00000000d9f692a8) thrown at [C:\re\workspace\8-2-build-windows-amd64-cygwin\jdk8u131\8869\hotspot\src\share\vm\prims\jni.cpp, line 709]
Event: 7492.077 Thread 0x000000001f885800 Exception <a 'java/lang/NoClassDefFoundError': org/springframework/jdbc/CannotGetJdbcConnectionException> (0x00000000da2a40e8) thrown at [C:\re\workspace\8-2-build-windows-amd64-cygwin\jdk8u131\8869\hotspot\src\share\vm\classfile\systemDictionary.cpp, lin
Event: 7493.807 Thread 0x000000001f885800 Exception <a 'java/io/FileNotFoundException'> (0x00000000dec6b0c0) thrown at [C:\re\workspace\8-2-build-windows-amd64-cygwin\jdk8u131\8869\hotspot\src\share\vm\prims\jni.cpp, line 709]
Event: 7493.808 Thread 0x000000001f885800 Exception <a 'java/io/FileNotFoundException'> (0x00000000dec6c0c0) thrown at [C:\re\workspace\8-2-build-windows-amd64-cygwin\jdk8u131\8869\hotspot\src\share\vm\prims\jni.cpp, line 709]
Event: 7494.252 Thread 0x000000001f885800 Exception <a 'java/io/FileNotFoundException'> (0x00000000df57bb48) thrown at [C:\re\workspace\8-2-build-windows-amd64-cygwin\jdk8u131\8869\hotspot\src\share\vm\prims\jni.cpp, line 709]
Event: 7494.271 Thread 0x000000001f885800 Exception <a 'java/lang/NoClassDefFoundError': com/mbalves/shortme/domain/Statistics> (0x00000000df5c60d8) thrown at [C:\re\workspace\8-2-build-windows-amd64-cygwin\jdk8u131\8869\hotspot\src\share\vm\classfile\systemDictionary.cpp, line 199]
Event: 7494.281 Thread 0x000000001f888800 Exception <a 'java/lang/InterruptedException': sleep interrupted> (0x00000000df68dbb8) thrown at [C:\re\workspace\8-2-build-windows-amd64-cygwin\jdk8u131\8869\hotspot\src\share\vm\prims\jvm.cpp, line 3228]
Event: 7494.299 Thread 0x000000001f885800 Exception <a 'java/lang/reflect/InvocationTargetException'> (0x00000000df73eeb0) thrown at [C:\re\workspace\8-2-build-windows-amd64-cygwin\jdk8u131\8869\hotspot\src\share\vm\runtime\reflection.cpp, line 1092]

Events (10 events):
Event: 7494.274 Executing VM operation: RevokeBias
Event: 7494.274 Executing VM operation: RevokeBias done
Event: 7494.274 Thread 0x000000001f881000 Thread exited: 0x000000001f881000
Event: 7494.274 Thread 0x000000001f888000 Thread exited: 0x000000001f888000
Event: 7494.281 Thread 0x000000001f888800 Thread exited: 0x000000001f888800
Event: 7494.283 Executing VM operation: RevokeBias
Event: 7494.284 Executing VM operation: RevokeBias done
Event: 7494.284 Thread 0x000000001f883800 Thread exited: 0x000000001f883800
Event: 7494.299 Thread 0x000000001f885800 Thread exited: 0x000000001f885800
Event: 7494.314 Thread 0x000000001f881000 Thread added: 0x000000001f881000


Dynamic libraries:
0x00007ff7d9360000 - 0x00007ff7d9397000 	C:\Program Files\Java\jdk1.8.0_131\bin\java.exe
0x00007ffc46a50000 - 0x00007ffc46c31000 	C:\WINDOWS\SYSTEM32\ntdll.dll
0x00007ffc2a710000 - 0x00007ffc2a724000 	C:\Program Files\AVAST Software\Avast\x64\aswhooka.dll
0x00007ffc447a0000 - 0x00007ffc44852000 	C:\WINDOWS\System32\KERNEL32.DLL
0x00007ffc43110000 - 0x00007ffc43383000 	C:\WINDOWS\System32\KERNELBASE.dll
0x00007ffc44f70000 - 0x00007ffc45011000 	C:\WINDOWS\System32\ADVAPI32.dll
0x00007ffc446f0000 - 0x00007ffc4478e000 	C:\WINDOWS\System32\msvcrt.dll
0x00007ffc45020000 - 0x00007ffc4507b000 	C:\WINDOWS\System32\sechost.dll
0x00007ffc44d10000 - 0x00007ffc44e34000 	C:\WINDOWS\System32\RPCRT4.dll
0x00007ffc44470000 - 0x00007ffc44600000 	C:\WINDOWS\System32\USER32.dll
0x00007ffc43d20000 - 0x00007ffc43d40000 	C:\WINDOWS\System32\win32u.dll
0x00007ffc449b0000 - 0x00007ffc449d8000 	C:\WINDOWS\System32\GDI32.dll
0x00007ffc43d40000 - 0x00007ffc43ed2000 	C:\WINDOWS\System32\gdi32full.dll
0x00007ffc43470000 - 0x00007ffc4350f000 	C:\WINDOWS\System32\msvcp_win.dll
0x00007ffc43c20000 - 0x00007ffc43d1a000 	C:\WINDOWS\System32\ucrtbase.dll
0x00007ffc3c140000 - 0x00007ffc3c3a9000 	C:\WINDOWS\WinSxS\amd64_microsoft.windows.common-controls_6595b64144ccf1df_6.0.17134.472_none_fb3f9af53068156d\COMCTL32.dll
0x00007ffc45080000 - 0x00007ffc453a2000 	C:\WINDOWS\System32\combase.dll
0x00007ffc43390000 - 0x00007ffc4340a000 	C:\WINDOWS\System32\bcryptPrimitives.dll
0x00007ffc44f40000 - 0x00007ffc44f6d000 	C:\WINDOWS\System32\IMM32.DLL
0x0000000050f60000 - 0x0000000051032000 	C:\Program Files\Java\jdk1.8.0_131\jre\bin\msvcr100.dll
0x00000000506c0000 - 0x0000000050f5c000 	C:\Program Files\Java\jdk1.8.0_131\jre\bin\server\jvm.dll
0x00007ffc44460000 - 0x00007ffc44468000 	C:\WINDOWS\System32\PSAPI.DLL
0x00007ffc30830000 - 0x00007ffc30839000 	C:\WINDOWS\SYSTEM32\WSOCK32.dll
0x00007ffc44600000 - 0x00007ffc4466c000 	C:\WINDOWS\System32\WS2_32.dll
0x00007ffc40ab0000 - 0x00007ffc40ad3000 	C:\WINDOWS\SYSTEM32\WINMM.dll
0x00007ffc3cda0000 - 0x00007ffc3cdaa000 	C:\WINDOWS\SYSTEM32\VERSION.dll
0x00007ffc40a80000 - 0x00007ffc40aaa000 	C:\WINDOWS\SYSTEM32\WINMMBASE.dll
0x00007ffc42ed0000 - 0x00007ffc42f19000 	C:\WINDOWS\System32\cfgmgr32.dll
0x00000000506b0000 - 0x00000000506bf000 	C:\Program Files\Java\jdk1.8.0_131\jre\bin\verify.dll
0x0000000050680000 - 0x00000000506a9000 	C:\Program Files\Java\jdk1.8.0_131\jre\bin\java.dll
0x0000000050500000 - 0x0000000050523000 	C:\Program Files\Java\jdk1.8.0_131\jre\bin\instrument.dll
0x0000000050660000 - 0x0000000050676000 	C:\Program Files\Java\jdk1.8.0_131\jre\bin\zip.dll
0x00007ffc453b0000 - 0x00007ffc467f0000 	C:\WINDOWS\System32\SHELL32.dll
0x00007ffc46970000 - 0x00007ffc46a19000 	C:\WINDOWS\System32\shcore.dll
0x00007ffc43510000 - 0x00007ffc43c1d000 	C:\WINDOWS\System32\windows.storage.dll
0x00007ffc44330000 - 0x00007ffc44381000 	C:\WINDOWS\System32\shlwapi.dll
0x00007ffc42e00000 - 0x00007ffc42e11000 	C:\WINDOWS\System32\kernel.appcore.dll
0x00007ffc42d80000 - 0x00007ffc42d9f000 	C:\WINDOWS\System32\profapi.dll
0x00007ffc42da0000 - 0x00007ffc42dec000 	C:\WINDOWS\System32\powrprof.dll
0x00007ffc42df0000 - 0x00007ffc42dfa000 	C:\WINDOWS\System32\FLTLIB.DLL
0x00007ffc3e4f0000 - 0x00007ffc3e50a000 	C:\Program Files\JetBrains\IntelliJ IDEA Community Edition 2018.3.3\bin\breakgen64.dll
0x0000000050640000 - 0x000000005065a000 	C:\Program Files\Java\jdk1.8.0_131\jre\bin\net.dll
0x00007ffc425e0000 - 0x00007ffc42646000 	C:\WINDOWS\system32\mswsock.dll
0x0000000050610000 - 0x000000005061d000 	C:\Program Files\Java\jdk1.8.0_131\jre\bin\management.dll
0x00007ffc28c50000 - 0x00007ffc28c66000 	C:\WINDOWS\system32\napinsp.dll
0x00007ffc28c30000 - 0x00007ffc28c4a000 	C:\WINDOWS\system32\pnrpnsp.dll
0x00007ffc3db80000 - 0x00007ffc3db99000 	C:\WINDOWS\system32\NLAapi.dll
0x00007ffc423a0000 - 0x00007ffc4245e000 	C:\WINDOWS\SYSTEM32\DNSAPI.dll
0x00007ffc44790000 - 0x00007ffc44798000 	C:\WINDOWS\System32\NSI.dll
0x00007ffc42360000 - 0x00007ffc42398000 	C:\WINDOWS\SYSTEM32\IPHLPAPI.DLL
0x00007ffc28c90000 - 0x00007ffc28c9e000 	C:\WINDOWS\System32\winrnr.dll
0x00007ffc3a540000 - 0x00007ffc3a555000 	C:\WINDOWS\System32\wshbth.dll
0x00007ffc37030000 - 0x00007ffc3703a000 	C:\Windows\System32\rasadhlp.dll
0x00007ffc37250000 - 0x00007ffc372c2000 	C:\WINDOWS\System32\fwpuclnt.dll
0x00007ffc428c0000 - 0x00007ffc428e5000 	C:\WINDOWS\SYSTEM32\bcrypt.dll
0x0000000050620000 - 0x0000000050631000 	C:\Program Files\Java\jdk1.8.0_131\jre\bin\nio.dll
0x00007ffc42790000 - 0x00007ffc427a7000 	C:\WINDOWS\SYSTEM32\CRYPTSP.dll
0x00007ffc42160000 - 0x00007ffc42193000 	C:\WINDOWS\system32\rsaenh.dll
0x00007ffc42c90000 - 0x00007ffc42cb8000 	C:\WINDOWS\SYSTEM32\USERENV.dll
0x00007ffc427b0000 - 0x00007ffc427bb000 	C:\WINDOWS\SYSTEM32\CRYPTBASE.dll
0x00007ffc3c880000 - 0x00007ffc3c896000 	C:\WINDOWS\SYSTEM32\dhcpcsvc6.DLL
0x00007ffc3a480000 - 0x00007ffc3a49a000 	C:\WINDOWS\SYSTEM32\dhcpcsvc.DLL
0x00000000504d0000 - 0x00000000504f4000 	C:\Program Files\Java\jdk1.8.0_131\jre\bin\sunec.dll
0x00007ffc3ca70000 - 0x00007ffc3cc39000 	C:\WINDOWS\SYSTEM32\dbghelp.dll

VM Arguments:
jvm_args: -javaagent:C:\Program Files\JetBrains\IntelliJ IDEA Community Edition 2018.3.3\lib\idea_rt.jar=50229:C:\Program Files\JetBrains\IntelliJ IDEA Community Edition 2018.3.3\bin -Dfile.encoding=UTF-8 
java_command: com.mbalves.shortme.ShortmeApplication
java_class_path (initial): C:\Program Files\Java\jdk1.8.0_131\jre\lib\charsets.jar;C:\Program Files\Java\jdk1.8.0_131\jre\lib\deploy.jar;C:\Program Files\Java\jdk1.8.0_131\jre\lib\ext\access-bridge-64.jar;C:\Program Files\Java\jdk1.8.0_131\jre\lib\ext\cldrdata.jar;C:\Program Files\Java\jdk1.8.0_131\jre\lib\ext\dnsns.jar;C:\Program Files\Java\jdk1.8.0_131\jre\lib\ext\jaccess.jar;C:\Program Files\Java\jdk1.8.0_131\jre\lib\ext\jfxrt.jar;C:\Program Files\Java\jdk1.8.0_131\jre\lib\ext\localedata.jar;C:\Program Files\Java\jdk1.8.0_131\jre\lib\ext\nashorn.jar;C:\Program Files\Java\jdk1.8.0_131\jre\lib\ext\sunec.jar;C:\Program Files\Java\jdk1.8.0_131\jre\lib\ext\sunjce_provider.jar;C:\Program Files\Java\jdk1.8.0_131\jre\lib\ext\sunmscapi.jar;C:\Program Files\Java\jdk1.8.0_131\jre\lib\ext\sunpkcs11.jar;C:\Program Files\Java\jdk1.8.0_131\jre\lib\ext\zipfs.jar;C:\Program Files\Java\jdk1.8.0_131\jre\lib\javaws.jar;C:\Program Files\Java\jdk1.8.0_131\jre\lib\jce.jar;C:\Program Files\Java\jdk1.8.0_131\jre\lib\jfr.jar;C:\Program Files\Java\jdk1.8.0_131\jre\lib\jfxswt.jar;C:\Program Files\Java\jdk1.8.0_131\jre\lib\jsse.jar;C:\Program Files\Java\jdk1.8.0_131\jre\lib\management-agent.jar;C:\Program Files\Java\jdk1.8.0_131\jre\lib\plugin.jar;C:\Program Files\Java\jdk1.8.0_131\jre\lib\resources.jar;C:\Program Files\Java\jdk1.8.0_131\jre\lib\rt.jar;C:\dev\workspace\shortme\out\production\classes;C:\dev\workspace\shortme\out\production\resources;C:\Users\marce\.gradle\caches\modules-2\files-2.1\org.springframework.boot\spring-boot-starter-thymeleaf\2.1.2.RELEASE\13106a94115629b067d0d87ed86f83ff626ee1d3\spring-boot-starter-thymeleaf-2.1.2.RELEASE.jar;C:\Users\marce\.gradle\caches\modules-2\files-2.1\org.springframework.boot\spring-boot-starter-web\2.1.2.RELEASE\33749ef5bf458829eef0e0c45615bf536521a97a\spring-boot-starter-web-2.1.2.RELEASE.jar;C:\Users\marce\.gradle\caches\modules-2\files-2.1\org.springframework.boot\spring-boot-starter-data-mongodb\2.1.2.RELEASE\e593a52d0121832902189a452
Launcher Type: SUN_STANDARD

Environment Variables:
PATH=C:\Program Files (x86)\Common Files\Oracle\Java\javapath;C:\ProgramData\Oracle\Java\javapath;C:\WINDOWS\system32;C:\WINDOWS;C:\WINDOWS\System32\Wbem;C:\WINDOWS\System32\WindowsPowerShell\v1.0\;C:\Program Files (x86)\PuTTY\;C:\Program Files (x86)\Brackets\command;C:\xampp\mysql\bin;C:\WINDOWS\System32\OpenSSH\;C:\Program Files\Git\cmd;C:\Program Files\Microsoft VS Code\bin;C:\xampp\php;C:\ProgramData\ComposerSetup\bin;C:\Users\marce\AppData\Local\Microsoft\WindowsApps;C:\Users\marce\AppData\Roaming\Composer\vendor\bin
USERNAME=marce
OS=Windows_NT
PROCESSOR_IDENTIFIER=Intel64 Family 6 Model 30 Stepping 5, GenuineIntel



---------------  S Y S T E M  ---------------

OS: Windows 10.0 , 64 bit Build 17134 (10.0.17134.1)

CPU:total 8 (initial active 8) (4 cores per cpu, 2 threads per core) family 6 model 30 stepping 5, cmov, cx8, fxsr, mmx, sse, sse2, sse3, ssse3, sse4.1, sse4.2, popcnt, ht, tsc, tscinvbit

Memory: 4k page, physical 8370228k(800772k free), swap 18038248k(3083428k free)

vm_info: Java HotSpot(TM) 64-Bit Server VM (25.131-b11) for windows-amd64 JRE (1.8.0_131-b11), built on Mar 15 2017 01:23:53 by "java_re" with MS VC++ 10.0 (VS2010)

time: Sun Jan 20 15:56:39 2019
elapsed time: 7494 seconds (0d 2h 4m 54s)

